<?xml version="1.0" encoding="UTF-8"?>
<testsuite name="com.twinkle.JakSim.JakSimApplicationTests" tests="1" skipped="0" failures="0" errors="0" timestamp="2023-06-06T07:48:46" hostname="BOOK-S3TILQKI84" time="0.487">
  <properties/>
  <testcase name="contextLoads()" classname="com.twinkle.JakSim.JakSimApplicationTests" time="0.487"/>
  <system-out><![CDATA[16:48:43.913 [Test worker] DEBUG org.springframework.test.context.BootstrapUtils - Instantiating CacheAwareContextLoaderDelegate from class [org.springframework.test.context.cache.DefaultCacheAwareContextLoaderDelegate]
16:48:43.923 [Test worker] DEBUG org.springframework.test.context.BootstrapUtils - Instantiating BootstrapContext using constructor [public org.springframework.test.context.support.DefaultBootstrapContext(java.lang.Class,org.springframework.test.context.CacheAwareContextLoaderDelegate)]
16:48:43.953 [Test worker] DEBUG org.springframework.test.context.BootstrapUtils - Instantiating TestContextBootstrapper for test class [com.twinkle.JakSim.JakSimApplicationTests] from class [org.springframework.boot.test.context.SpringBootTestContextBootstrapper]
16:48:43.963 [Test worker] INFO org.springframework.boot.test.context.SpringBootTestContextBootstrapper - Neither @ContextConfiguration nor @ContextHierarchy found for test class [com.twinkle.JakSim.JakSimApplicationTests], using SpringBootContextLoader
16:48:43.967 [Test worker] DEBUG org.springframework.test.context.support.AbstractContextLoader - Did not detect default resource location for test class [com.twinkle.JakSim.JakSimApplicationTests]: class path resource [com/twinkle/JakSim/JakSimApplicationTests-context.xml] does not exist
16:48:43.967 [Test worker] DEBUG org.springframework.test.context.support.AbstractContextLoader - Did not detect default resource location for test class [com.twinkle.JakSim.JakSimApplicationTests]: class path resource [com/twinkle/JakSim/JakSimApplicationTestsContext.groovy] does not exist
16:48:43.968 [Test worker] INFO org.springframework.test.context.support.AbstractContextLoader - Could not detect default resource locations for test class [com.twinkle.JakSim.JakSimApplicationTests]: no resource found for suffixes {-context.xml, Context.groovy}.
16:48:43.969 [Test worker] INFO org.springframework.test.context.support.AnnotationConfigContextLoaderUtils - Could not detect default configuration classes for test class [com.twinkle.JakSim.JakSimApplicationTests]: JakSimApplicationTests does not declare any static, non-private, non-final, nested classes annotated with @Configuration.
16:48:44.013 [Test worker] DEBUG org.springframework.test.context.support.ActiveProfilesUtils - Could not find an 'annotation declaring class' for annotation type [org.springframework.test.context.ActiveProfiles] and class [com.twinkle.JakSim.JakSimApplicationTests]
16:48:44.070 [Test worker] DEBUG org.springframework.context.annotation.ClassPathScanningCandidateComponentProvider - Identified candidate component class: file [C:\Users\ujeon\Downloads\JakSim\JakSim\build\classes\java\main\com\twinkle\JakSim\JakSimApplication.class]
16:48:44.071 [Test worker] INFO org.springframework.boot.test.context.SpringBootTestContextBootstrapper - Found @SpringBootConfiguration com.twinkle.JakSim.JakSimApplication for test class com.twinkle.JakSim.JakSimApplicationTests
16:48:44.171 [Test worker] DEBUG org.springframework.boot.test.context.SpringBootTestContextBootstrapper - @TestExecutionListeners is not present for class [com.twinkle.JakSim.JakSimApplicationTests]: using defaults.
16:48:44.172 [Test worker] INFO org.springframework.boot.test.context.SpringBootTestContextBootstrapper - Loaded default TestExecutionListener class names from location [META-INF/spring.factories]: [org.springframework.boot.test.autoconfigure.restdocs.RestDocsTestExecutionListener, org.springframework.boot.test.autoconfigure.web.client.MockRestServiceServerResetTestExecutionListener, org.springframework.boot.test.autoconfigure.web.servlet.MockMvcPrintOnlyOnFailureTestExecutionListener, org.springframework.boot.test.autoconfigure.web.servlet.WebDriverTestExecutionListener, org.springframework.boot.test.autoconfigure.webservices.client.MockWebServiceServerTestExecutionListener, org.springframework.boot.test.mock.mockito.MockitoTestExecutionListener, org.springframework.boot.test.mock.mockito.ResetMocksTestExecutionListener, org.springframework.test.context.web.ServletTestExecutionListener, org.springframework.test.context.support.DirtiesContextBeforeModesTestExecutionListener, org.springframework.test.context.event.ApplicationEventsTestExecutionListener, org.springframework.test.context.support.DependencyInjectionTestExecutionListener, org.springframework.test.context.support.DirtiesContextTestExecutionListener, org.springframework.test.context.transaction.TransactionalTestExecutionListener, org.springframework.test.context.jdbc.SqlScriptsTestExecutionListener, org.springframework.test.context.event.EventPublishingTestExecutionListener]
16:48:44.189 [Test worker] INFO org.springframework.boot.test.context.SpringBootTestContextBootstrapper - Using TestExecutionListeners: [org.springframework.test.context.web.ServletTestExecutionListener@3a7b503d, org.springframework.test.context.support.DirtiesContextBeforeModesTestExecutionListener@512d92b, org.springframework.test.context.event.ApplicationEventsTestExecutionListener@62c5bbdc, org.springframework.boot.test.mock.mockito.MockitoTestExecutionListener@7bdf6bb7, org.springframework.boot.test.autoconfigure.SpringBootDependencyInjectionTestExecutionListener@1bc53649, org.springframework.test.context.support.DirtiesContextTestExecutionListener@88d6f9b, org.springframework.test.context.transaction.TransactionalTestExecutionListener@47d93e0d, org.springframework.test.context.jdbc.SqlScriptsTestExecutionListener@475b7792, org.springframework.test.context.event.EventPublishingTestExecutionListener@751e664e, org.springframework.boot.test.autoconfigure.restdocs.RestDocsTestExecutionListener@160c3ec1, org.springframework.boot.test.autoconfigure.web.client.MockRestServiceServerResetTestExecutionListener@182b435b, org.springframework.boot.test.autoconfigure.web.servlet.MockMvcPrintOnlyOnFailureTestExecutionListener@4d0402b, org.springframework.boot.test.autoconfigure.web.servlet.WebDriverTestExecutionListener@2fa7ae9, org.springframework.boot.test.autoconfigure.webservices.client.MockWebServiceServerTestExecutionListener@7577b641, org.springframework.boot.test.mock.mockito.ResetMocksTestExecutionListener@3704122f]
16:48:44.193 [Test worker] DEBUG org.springframework.test.context.support.AbstractDirtiesContextTestExecutionListener - Before test class: context [DefaultTestContext@27dc79f7 testClass = JakSimApplicationTests, testInstance = [null], testMethod = [null], testException = [null], mergedContextConfiguration = [WebMergedContextConfiguration@6b85300e testClass = JakSimApplicationTests, locations = '{}', classes = '{class com.twinkle.JakSim.JakSimApplication}', contextInitializerClasses = '[]', activeProfiles = '{}', propertySourceLocations = '{}', propertySourceProperties = '{org.springframework.boot.test.context.SpringBootTestContextBootstrapper=true}', contextCustomizers = set[org.springframework.boot.test.autoconfigure.actuate.metrics.MetricsExportContextCustomizerFactory$DisableMetricExportContextCustomizer@45efc20d, org.springframework.boot.test.autoconfigure.properties.PropertyMappingContextCustomizer@0, org.springframework.boot.test.autoconfigure.web.servlet.WebDriverContextCustomizerFactory$Customizer@75d0911a, org.springframework.boot.test.context.filter.ExcludeFilterContextCustomizer@1fcb4808, org.springframework.boot.test.json.DuplicateJsonObjectContextCustomizerFactory$DuplicateJsonObjectContextCustomizer@e077866, org.springframework.boot.test.mock.mockito.MockitoContextCustomizer@0, org.springframework.boot.test.web.client.TestRestTemplateContextCustomizer@4678a2eb, org.springframework.boot.test.context.SpringBootTestArgs@1, org.springframework.boot.test.context.SpringBootTestWebEnvironment@3b5fad2d], resourceBasePath = 'src/main/webapp', contextLoader = 'org.springframework.boot.test.context.SpringBootContextLoader', parent = [null]], attributes = map['org.springframework.test.context.web.ServletTestExecutionListener.activateListener' -> true]], class annotated with @DirtiesContext [false] with mode [null].

  .   ____          _            __ _ _
 /\\ / ___'_ __ _ _(_)_ __  __ _ \ \ \ \
( ( )\___ | '_ | '_| | '_ \/ _` | \ \ \ \
 \\/  ___)| |_)| | | | | || (_| |  ) ) ) )
  '  |____| .__|_| |_|_| |_\__, | / / / /
 =========|_|==============|___/=/_/_/_/
?[32m :: Spring Boot :: ?[39m             ?[2m (v2.7.11)?[0;39m

?[2m2023-06-06 16:48:44.567?[0;39m ?[32m INFO?[0;39m ?[35m24128?[0;39m ?[2m---?[0;39m ?[2m[    Test worker]?[0;39m ?[36mc.twinkle.JakSim.JakSimApplicationTests ?[0;39m ?[2m:?[0;39m Starting JakSimApplicationTests using Java 11.0.18 on BOOK-S3TILQKI84 with PID 24128 (started by ujeon in C:\Users\ujeon\Downloads\JakSim\JakSim)
?[2m2023-06-06 16:48:44.570?[0;39m ?[32m INFO?[0;39m ?[35m24128?[0;39m ?[2m---?[0;39m ?[2m[    Test worker]?[0;39m ?[36mc.twinkle.JakSim.JakSimApplicationTests ?[0;39m ?[2m:?[0;39m No active profile set, falling back to 1 default profile: "default"
?[2m2023-06-06 16:48:46.427?[0;39m ?[32m INFO?[0;39m ?[35m24128?[0;39m ?[2m---?[0;39m ?[2m[    Test worker]?[0;39m ?[36mc.twinkle.JakSim.JakSimApplicationTests ?[0;39m ?[2m:?[0;39m Started JakSimApplicationTests in 2.201 seconds (JVM running for 3.711)
DB connection Success
]]></system-out>
  <system-err><![CDATA[]]></system-err>
</testsuite>
