<?xml version="1.0" encoding="UTF-8"?>
<testsuite name="com.twinkle.JakSim.JakSimApplicationTests" tests="1" skipped="0" failures="0" errors="0" timestamp="2023-06-09T04:07:38" hostname="janghyolim-ui-MacBookAir.local" time="0.304">
  <properties/>
  <testcase name="ShowAll()" classname="com.twinkle.JakSim.JakSimApplicationTests" time="0.304"/>
  <system-out><![CDATA[13:07:37.334 [Test worker] DEBUG org.springframework.test.context.BootstrapUtils - Instantiating CacheAwareContextLoaderDelegate from class [org.springframework.test.context.cache.DefaultCacheAwareContextLoaderDelegate]
13:07:37.341 [Test worker] DEBUG org.springframework.test.context.BootstrapUtils - Instantiating BootstrapContext using constructor [public org.springframework.test.context.support.DefaultBootstrapContext(java.lang.Class,org.springframework.test.context.CacheAwareContextLoaderDelegate)]
13:07:37.363 [Test worker] DEBUG org.springframework.test.context.BootstrapUtils - Instantiating TestContextBootstrapper for test class [com.twinkle.JakSim.JakSimApplicationTests] from class [org.springframework.boot.test.context.SpringBootTestContextBootstrapper]
13:07:37.370 [Test worker] INFO org.springframework.boot.test.context.SpringBootTestContextBootstrapper - Neither @ContextConfiguration nor @ContextHierarchy found for test class [com.twinkle.JakSim.JakSimApplicationTests], using SpringBootContextLoader
13:07:37.373 [Test worker] DEBUG org.springframework.test.context.support.AbstractContextLoader - Did not detect default resource location for test class [com.twinkle.JakSim.JakSimApplicationTests]: class path resource [com/twinkle/JakSim/JakSimApplicationTests-context.xml] does not exist
13:07:37.373 [Test worker] DEBUG org.springframework.test.context.support.AbstractContextLoader - Did not detect default resource location for test class [com.twinkle.JakSim.JakSimApplicationTests]: class path resource [com/twinkle/JakSim/JakSimApplicationTestsContext.groovy] does not exist
13:07:37.373 [Test worker] INFO org.springframework.test.context.support.AbstractContextLoader - Could not detect default resource locations for test class [com.twinkle.JakSim.JakSimApplicationTests]: no resource found for suffixes {-context.xml, Context.groovy}.
13:07:37.374 [Test worker] INFO org.springframework.test.context.support.AnnotationConfigContextLoaderUtils - Could not detect default configuration classes for test class [com.twinkle.JakSim.JakSimApplicationTests]: JakSimApplicationTests does not declare any static, non-private, non-final, nested classes annotated with @Configuration.
13:07:37.405 [Test worker] DEBUG org.springframework.test.context.support.ActiveProfilesUtils - Could not find an 'annotation declaring class' for annotation type [org.springframework.test.context.ActiveProfiles] and class [com.twinkle.JakSim.JakSimApplicationTests]
13:07:37.443 [Test worker] DEBUG org.springframework.context.annotation.ClassPathScanningCandidateComponentProvider - Identified candidate component class: file [/Users/janghyolim/code/Jaksim2.0/JakSim2.0/JakSim/build/classes/java/main/com/twinkle/JakSim/JakSimApplication.class]
13:07:37.444 [Test worker] INFO org.springframework.boot.test.context.SpringBootTestContextBootstrapper - Found @SpringBootConfiguration com.twinkle.JakSim.JakSimApplication for test class com.twinkle.JakSim.JakSimApplicationTests
13:07:37.502 [Test worker] DEBUG org.springframework.boot.test.context.SpringBootTestContextBootstrapper - @TestExecutionListeners is not present for class [com.twinkle.JakSim.JakSimApplicationTests]: using defaults.
13:07:37.502 [Test worker] INFO org.springframework.boot.test.context.SpringBootTestContextBootstrapper - Loaded default TestExecutionListener class names from location [META-INF/spring.factories]: [org.springframework.boot.test.autoconfigure.restdocs.RestDocsTestExecutionListener, org.springframework.boot.test.autoconfigure.web.client.MockRestServiceServerResetTestExecutionListener, org.springframework.boot.test.autoconfigure.web.servlet.MockMvcPrintOnlyOnFailureTestExecutionListener, org.springframework.boot.test.autoconfigure.web.servlet.WebDriverTestExecutionListener, org.springframework.boot.test.autoconfigure.webservices.client.MockWebServiceServerTestExecutionListener, org.springframework.boot.test.mock.mockito.MockitoTestExecutionListener, org.springframework.boot.test.mock.mockito.ResetMocksTestExecutionListener, org.springframework.test.context.web.ServletTestExecutionListener, org.springframework.test.context.support.DirtiesContextBeforeModesTestExecutionListener, org.springframework.test.context.event.ApplicationEventsTestExecutionListener, org.springframework.test.context.support.DependencyInjectionTestExecutionListener, org.springframework.test.context.support.DirtiesContextTestExecutionListener, org.springframework.test.context.transaction.TransactionalTestExecutionListener, org.springframework.test.context.jdbc.SqlScriptsTestExecutionListener, org.springframework.test.context.event.EventPublishingTestExecutionListener]
13:07:37.512 [Test worker] INFO org.springframework.boot.test.context.SpringBootTestContextBootstrapper - Using TestExecutionListeners: [org.springframework.test.context.web.ServletTestExecutionListener@669253b7, org.springframework.test.context.support.DirtiesContextBeforeModesTestExecutionListener@5305c37d, org.springframework.test.context.event.ApplicationEventsTestExecutionListener@51a06cbe, org.springframework.boot.test.mock.mockito.MockitoTestExecutionListener@3dddbe65, org.springframework.boot.test.autoconfigure.SpringBootDependencyInjectionTestExecutionListener@49a64d82, org.springframework.test.context.support.DirtiesContextTestExecutionListener@344561e0, org.springframework.test.context.transaction.TransactionalTestExecutionListener@66d23e4a, org.springframework.test.context.jdbc.SqlScriptsTestExecutionListener@36ac8a63, org.springframework.test.context.event.EventPublishingTestExecutionListener@4d9d1b69, org.springframework.boot.test.autoconfigure.restdocs.RestDocsTestExecutionListener@52c8295b, org.springframework.boot.test.autoconfigure.web.client.MockRestServiceServerResetTestExecutionListener@251f7d26, org.springframework.boot.test.autoconfigure.web.servlet.MockMvcPrintOnlyOnFailureTestExecutionListener@77b21474, org.springframework.boot.test.autoconfigure.web.servlet.WebDriverTestExecutionListener@52d10fb8, org.springframework.boot.test.autoconfigure.webservices.client.MockWebServiceServerTestExecutionListener@41c07648, org.springframework.boot.test.mock.mockito.ResetMocksTestExecutionListener@1fe8d51b]
13:07:37.514 [Test worker] DEBUG org.springframework.test.context.support.AbstractDirtiesContextTestExecutionListener - Before test class: context [DefaultTestContext@2f40a43 testClass = JakSimApplicationTests, testInstance = [null], testMethod = [null], testException = [null], mergedContextConfiguration = [WebMergedContextConfiguration@3caa4757 testClass = JakSimApplicationTests, locations = '{}', classes = '{class com.twinkle.JakSim.JakSimApplication}', contextInitializerClasses = '[]', activeProfiles = '{}', propertySourceLocations = '{}', propertySourceProperties = '{org.springframework.boot.test.context.SpringBootTestContextBootstrapper=true}', contextCustomizers = set[org.springframework.boot.test.autoconfigure.actuate.metrics.MetricsExportContextCustomizerFactory$DisableMetricExportContextCustomizer@320de594, org.springframework.boot.test.autoconfigure.properties.PropertyMappingContextCustomizer@0, org.springframework.boot.test.autoconfigure.web.servlet.WebDriverContextCustomizerFactory$Customizer@60641ec8, org.springframework.boot.test.context.filter.ExcludeFilterContextCustomizer@4d18aa28, org.springframework.boot.test.json.DuplicateJsonObjectContextCustomizerFactory$DuplicateJsonObjectContextCustomizer@16746061, org.springframework.boot.test.mock.mockito.MockitoContextCustomizer@0, org.springframework.boot.test.web.client.TestRestTemplateContextCustomizer@4febb875, org.springframework.boot.test.context.SpringBootTestArgs@1, org.springframework.boot.test.context.SpringBootTestWebEnvironment@4b86805d], resourceBasePath = 'src/main/webapp', contextLoader = 'org.springframework.boot.test.context.SpringBootContextLoader', parent = [null]], attributes = map['org.springframework.test.context.web.ServletTestExecutionListener.activateListener' -> true]], class annotated with @DirtiesContext [false] with mode [null].

  .   ____          _            __ _ _
 /\\ / ___'_ __ _ _(_)_ __  __ _ \ \ \ \
( ( )\___ | '_ | '_| | '_ \/ _` | \ \ \ \
 \\/  ___)| |_)| | | | | || (_| |  ) ) ) )
  '  |____| .__|_| |_|_| |_\__, | / / / /
 =========|_|==============|___/=/_/_/_/
?[32m :: Spring Boot :: ?[39m             ?[2m (v2.7.11)?[0;39m

?[2m2023-06-09 13:07:37.742?[0;39m ?[32m INFO?[0;39m ?[35m11229?[0;39m ?[2m---?[0;39m ?[2m[    Test worker]?[0;39m ?[36mc.twinkle.JakSim.JakSimApplicationTests ?[0;39m ?[2m:?[0;39m Starting JakSimApplicationTests using Java 11.0.18 on janghyolim-ui-MacBookAir.local with PID 11229 (started by janghyolim in /Users/janghyolim/code/Jaksim2.0/JakSim2.0/JakSim)
?[2m2023-06-09 13:07:37.744?[0;39m ?[32m INFO?[0;39m ?[35m11229?[0;39m ?[2m---?[0;39m ?[2m[    Test worker]?[0;39m ?[36mc.twinkle.JakSim.JakSimApplicationTests ?[0;39m ?[2m:?[0;39m No active profile set, falling back to 1 default profile: "default"
?[2m2023-06-09 13:07:38.802?[0;39m ?[32m INFO?[0;39m ?[35m11229?[0;39m ?[2m---?[0;39m ?[2m[    Test worker]?[0;39m ?[36mc.twinkle.JakSim.JakSimApplicationTests ?[0;39m ?[2m:?[0;39m Started JakSimApplicationTests in 1.256 seconds (JVM running for 2.053)
wkdgyfla97
장효림
2023-06-09 12:36:34
1997-03-30
]]></system-out>
  <system-err><![CDATA[]]></system-err>
</testsuite>
